<?xml version="1.0" encoding="UTF-8"?>
<!-- Generated by org.testng.reporters.JUnitReportReporter -->
<testsuite hostname="sdw2" name="com.yahoo.ycsb.generator.TestZipfianGenerator" tests="1" failures="0" timestamp="23 Nov 2015 07:02:33 GMT" time="0.017" errors="0">
  <testcase name="testMinAndMaxParameter" time="0.017" classname="com.yahoo.ycsb.generator.TestZipfianGenerator"/>
</testsuite>
