<?xml version="1.0" encoding="UTF-8"?>
<!-- Generated by org.testng.reporters.JUnitReportReporter -->
<testsuite hostname="sdw1" name="com.yahoo.ycsb.db.ElasticSearchClientTest" tests="5" failures="0" timestamp="23 Sep 2015 17:01:55 GMT" time="0.068" errors="0">
  <testcase name="testRead" time="0.012" classname="com.yahoo.ycsb.db.ElasticSearchClientTest"/>
  <testcase name="testInsert" time="0.002" classname="com.yahoo.ycsb.db.ElasticSearchClientTest"/>
  <testcase name="testScan" time="0.046" classname="com.yahoo.ycsb.db.ElasticSearchClientTest"/>
  <testcase name="testUpdate" time="0.004" classname="com.yahoo.ycsb.db.ElasticSearchClientTest"/>
  <testcase name="testDelete" time="0.004" classname="com.yahoo.ycsb.db.ElasticSearchClientTest"/>
</testsuite>
